<?xml version="1.0" encoding="UTF-8"?>
<testng-results skipped="0" failed="0" ignored="0" total="1" passed="1">
  <reporter-output>
  </reporter-output>
  <suite name="Suite" duration-ms="140" started-at="2021-01-14T19:29:14Z" finished-at="2021-01-14T19:29:14Z">
    <groups>
    </groups>
    <test name="Test" duration-ms="11" started-at="2021-01-14T19:29:14Z" finished-at="2021-01-14T19:29:14Z">
    </test> <!-- Test -->
    <test name="SampleHW" duration-ms="58" started-at="2021-01-14T19:29:14Z" finished-at="2021-01-14T19:29:14Z">
      <class name="Project.Sample.LaunchURLTest">
        <test-method status="PASS" signature="BeforeTest()[pri:0, instance:Project.Sample.LaunchURLTest@2d928643]" name="BeforeTest" is-config="true" duration-ms="22" started-at="2021-01-14T19:29:14Z" finished-at="2021-01-14T19:29:14Z">
          <reporter-output>
          </reporter-output>
        </test-method> <!-- BeforeTest -->
        <test-method status="PASS" signature="Test()[pri:0, instance:Project.Sample.LaunchURLTest@2d928643]" name="Test" duration-ms="8" started-at="2021-01-14T19:29:14Z" finished-at="2021-01-14T19:29:14Z">
          <reporter-output>
          </reporter-output>
        </test-method> <!-- Test -->
        <test-method status="PASS" signature="AfterTest()[pri:0, instance:Project.Sample.LaunchURLTest@2d928643]" name="AfterTest" is-config="true" duration-ms="1" started-at="2021-01-14T19:29:14Z" finished-at="2021-01-14T19:29:14Z">
          <reporter-output>
          </reporter-output>
        </test-method> <!-- AfterTest -->
      </class> <!-- Project.Sample.LaunchURLTest -->
    </test> <!-- SampleHW -->
  </suite> <!-- Suite -->
</testng-results>
